[0.957s] Invoking command in '/home/rosrunner/projects/hindenburg-ground-scanner/src/groundscanner': PYTHONPATH=/home/rosrunner/projects/hindenburg-ground-scanner/build/groundscanner/prefix_override:/usr/lib/python3/dist-packages/colcon_core/task/python/colcon_distutils_commands:/home/rosrunner/projects/hindenburg-ground-scanner/install/groundscanner/lib/python3.10/site-packages:${PYTHONPATH} /usr/bin/python3 -W ignore:setup.py install is deprecated -W ignore:easy_install command is deprecated setup.py egg_info --egg-base ../../build/groundscanner build --build-base /home/rosrunner/projects/hindenburg-ground-scanner/build/groundscanner/build install --record /home/rosrunner/projects/hindenburg-ground-scanner/build/groundscanner/install.log --single-version-externally-managed install_data
[1.348s] running egg_info
[1.348s] writing ../../build/groundscanner/groundscanner.egg-info/PKG-INFO
[1.349s] writing dependency_links to ../../build/groundscanner/groundscanner.egg-info/dependency_links.txt
[1.349s] writing entry points to ../../build/groundscanner/groundscanner.egg-info/entry_points.txt
[1.349s] writing requirements to ../../build/groundscanner/groundscanner.egg-info/requires.txt
[1.349s] writing top-level names to ../../build/groundscanner/groundscanner.egg-info/top_level.txt
[1.352s] reading manifest file '../../build/groundscanner/groundscanner.egg-info/SOURCES.txt'
[1.353s] writing manifest file '../../build/groundscanner/groundscanner.egg-info/SOURCES.txt'
[1.354s] running build
[1.354s] running build_py
[1.354s] copying groundscanner/scanner.py -> /home/rosrunner/projects/hindenburg-ground-scanner/build/groundscanner/build/lib/groundscanner
[1.354s] creating /home/rosrunner/projects/hindenburg-ground-scanner/build/groundscanner/build/lib/groundscanner/map
[1.355s] copying groundscanner/map/map.py -> /home/rosrunner/projects/hindenburg-ground-scanner/build/groundscanner/build/lib/groundscanner/map
[1.355s] copying groundscanner/map/__init__.py -> /home/rosrunner/projects/hindenburg-ground-scanner/build/groundscanner/build/lib/groundscanner/map
[1.355s] copying groundscanner/map/segment.py -> /home/rosrunner/projects/hindenburg-ground-scanner/build/groundscanner/build/lib/groundscanner/map
[1.355s] running install
[1.356s] running install_lib
[1.357s] copying /home/rosrunner/projects/hindenburg-ground-scanner/build/groundscanner/build/lib/groundscanner/scanner.py -> /home/rosrunner/projects/hindenburg-ground-scanner/install/groundscanner/lib/python3.10/site-packages/groundscanner
[1.358s] creating /home/rosrunner/projects/hindenburg-ground-scanner/install/groundscanner/lib/python3.10/site-packages/groundscanner/map
[1.358s] copying /home/rosrunner/projects/hindenburg-ground-scanner/build/groundscanner/build/lib/groundscanner/map/map.py -> /home/rosrunner/projects/hindenburg-ground-scanner/install/groundscanner/lib/python3.10/site-packages/groundscanner/map
[1.358s] copying /home/rosrunner/projects/hindenburg-ground-scanner/build/groundscanner/build/lib/groundscanner/map/__init__.py -> /home/rosrunner/projects/hindenburg-ground-scanner/install/groundscanner/lib/python3.10/site-packages/groundscanner/map
[1.358s] copying /home/rosrunner/projects/hindenburg-ground-scanner/build/groundscanner/build/lib/groundscanner/map/segment.py -> /home/rosrunner/projects/hindenburg-ground-scanner/install/groundscanner/lib/python3.10/site-packages/groundscanner/map
[1.359s] byte-compiling /home/rosrunner/projects/hindenburg-ground-scanner/install/groundscanner/lib/python3.10/site-packages/groundscanner/scanner.py to scanner.cpython-310.pyc
[1.359s] byte-compiling /home/rosrunner/projects/hindenburg-ground-scanner/install/groundscanner/lib/python3.10/site-packages/groundscanner/map/map.py to map.cpython-310.pyc
[1.359s] byte-compiling /home/rosrunner/projects/hindenburg-ground-scanner/install/groundscanner/lib/python3.10/site-packages/groundscanner/map/__init__.py to __init__.cpython-310.pyc
[1.360s] byte-compiling /home/rosrunner/projects/hindenburg-ground-scanner/install/groundscanner/lib/python3.10/site-packages/groundscanner/map/segment.py to segment.cpython-310.pyc
[1.360s] running install_data
[1.360s] running install_egg_info
[1.362s] removing '/home/rosrunner/projects/hindenburg-ground-scanner/install/groundscanner/lib/python3.10/site-packages/groundscanner-0.0.0-py3.10.egg-info' (and everything under it)
[1.363s] Copying ../../build/groundscanner/groundscanner.egg-info to /home/rosrunner/projects/hindenburg-ground-scanner/install/groundscanner/lib/python3.10/site-packages/groundscanner-0.0.0-py3.10.egg-info
[1.364s] running install_scripts
[1.396s] writing list of installed files to '/home/rosrunner/projects/hindenburg-ground-scanner/build/groundscanner/install.log'
[1.433s] Invoked command in '/home/rosrunner/projects/hindenburg-ground-scanner/src/groundscanner' returned '0': PYTHONPATH=/home/rosrunner/projects/hindenburg-ground-scanner/build/groundscanner/prefix_override:/usr/lib/python3/dist-packages/colcon_core/task/python/colcon_distutils_commands:/home/rosrunner/projects/hindenburg-ground-scanner/install/groundscanner/lib/python3.10/site-packages:${PYTHONPATH} /usr/bin/python3 -W ignore:setup.py install is deprecated -W ignore:easy_install command is deprecated setup.py egg_info --egg-base ../../build/groundscanner build --build-base /home/rosrunner/projects/hindenburg-ground-scanner/build/groundscanner/build install --record /home/rosrunner/projects/hindenburg-ground-scanner/build/groundscanner/install.log --single-version-externally-managed install_data
