[0.775s] Invoking command in '/home/rosrunner/projects/hindenburg-ground-scanner/src/groundscanner': PYTHONPATH=/home/rosrunner/projects/hindenburg-ground-scanner/build/groundscanner/prefix_override:/usr/lib/python3/dist-packages/colcon_core/task/python/colcon_distutils_commands:/home/rosrunner/projects/hindenburg-ground-scanner/install/groundscanner/lib/python3.10/site-packages:${PYTHONPATH} /usr/bin/python3 -W ignore:setup.py install is deprecated -W ignore:easy_install command is deprecated setup.py egg_info --egg-base ../../build/groundscanner build --build-base /home/rosrunner/projects/hindenburg-ground-scanner/build/groundscanner/build install --record /home/rosrunner/projects/hindenburg-ground-scanner/build/groundscanner/install.log --single-version-externally-managed install_data
[1.029s] running egg_info
[1.030s] writing ../../build/groundscanner/groundscanner.egg-info/PKG-INFO
[1.030s] writing dependency_links to ../../build/groundscanner/groundscanner.egg-info/dependency_links.txt
[1.031s] writing entry points to ../../build/groundscanner/groundscanner.egg-info/entry_points.txt
[1.031s] writing requirements to ../../build/groundscanner/groundscanner.egg-info/requires.txt
[1.031s] writing top-level names to ../../build/groundscanner/groundscanner.egg-info/top_level.txt
[1.033s] reading manifest file '../../build/groundscanner/groundscanner.egg-info/SOURCES.txt'
[1.034s] writing manifest file '../../build/groundscanner/groundscanner.egg-info/SOURCES.txt'
[1.034s] running build
[1.035s] running build_py
[1.035s] copying groundscanner/map/map.py -> /home/rosrunner/projects/hindenburg-ground-scanner/build/groundscanner/build/lib/groundscanner/map
[1.035s] running install
[1.036s] running install_lib
[1.037s] copying /home/rosrunner/projects/hindenburg-ground-scanner/build/groundscanner/build/lib/groundscanner/map/map.py -> /home/rosrunner/projects/hindenburg-ground-scanner/install/groundscanner/lib/python3.10/site-packages/groundscanner/map
[1.038s] byte-compiling /home/rosrunner/projects/hindenburg-ground-scanner/install/groundscanner/lib/python3.10/site-packages/groundscanner/map/map.py to map.cpython-310.pyc
[1.038s] running install_data
[1.038s] running install_egg_info
[1.040s] removing '/home/rosrunner/projects/hindenburg-ground-scanner/install/groundscanner/lib/python3.10/site-packages/groundscanner-0.0.0-py3.10.egg-info' (and everything under it)
[1.041s] Copying ../../build/groundscanner/groundscanner.egg-info to /home/rosrunner/projects/hindenburg-ground-scanner/install/groundscanner/lib/python3.10/site-packages/groundscanner-0.0.0-py3.10.egg-info
[1.042s] running install_scripts
[1.062s] Installing scanner script to /home/rosrunner/projects/hindenburg-ground-scanner/install/groundscanner/lib/groundscanner
[1.063s] writing list of installed files to '/home/rosrunner/projects/hindenburg-ground-scanner/build/groundscanner/install.log'
[1.082s] Invoked command in '/home/rosrunner/projects/hindenburg-ground-scanner/src/groundscanner' returned '0': PYTHONPATH=/home/rosrunner/projects/hindenburg-ground-scanner/build/groundscanner/prefix_override:/usr/lib/python3/dist-packages/colcon_core/task/python/colcon_distutils_commands:/home/rosrunner/projects/hindenburg-ground-scanner/install/groundscanner/lib/python3.10/site-packages:${PYTHONPATH} /usr/bin/python3 -W ignore:setup.py install is deprecated -W ignore:easy_install command is deprecated setup.py egg_info --egg-base ../../build/groundscanner build --build-base /home/rosrunner/projects/hindenburg-ground-scanner/build/groundscanner/build install --record /home/rosrunner/projects/hindenburg-ground-scanner/build/groundscanner/install.log --single-version-externally-managed install_data
