[0.653s] Invoking command in '/home/rosrunner/projects/hindenburg-ground-scanner/src/groundscanner': PYTHONPATH=/home/rosrunner/projects/hindenburg-ground-scanner/build/groundscanner/prefix_override:/usr/lib/python3/dist-packages/colcon_core/task/python/colcon_distutils_commands:/home/rosrunner/projects/hindenburg-ground-scanner/install/groundscanner/lib/python3.10/site-packages:${PYTHONPATH} /usr/bin/python3 -W ignore:setup.py install is deprecated -W ignore:easy_install command is deprecated setup.py egg_info --egg-base ../../build/groundscanner build --build-base /home/rosrunner/projects/hindenburg-ground-scanner/build/groundscanner/build install --record /home/rosrunner/projects/hindenburg-ground-scanner/build/groundscanner/install.log --single-version-externally-managed install_data
[0.901s] running egg_info
[0.901s] writing ../../build/groundscanner/groundscanner.egg-info/PKG-INFO
[0.901s] writing dependency_links to ../../build/groundscanner/groundscanner.egg-info/dependency_links.txt
[0.901s] writing entry points to ../../build/groundscanner/groundscanner.egg-info/entry_points.txt
[0.902s] writing requirements to ../../build/groundscanner/groundscanner.egg-info/requires.txt
[0.902s] writing top-level names to ../../build/groundscanner/groundscanner.egg-info/top_level.txt
[0.903s] reading manifest file '../../build/groundscanner/groundscanner.egg-info/SOURCES.txt'
[0.904s] writing manifest file '../../build/groundscanner/groundscanner.egg-info/SOURCES.txt'
[0.905s] running build
[0.905s] running build_py
[0.905s] copying groundscanner/scanner.py -> /home/rosrunner/projects/hindenburg-ground-scanner/build/groundscanner/build/lib/groundscanner
[0.905s] copying groundscanner/map/map.py -> /home/rosrunner/projects/hindenburg-ground-scanner/build/groundscanner/build/lib/groundscanner/map
[0.906s] running install
[0.906s] running install_lib
[0.907s] copying /home/rosrunner/projects/hindenburg-ground-scanner/build/groundscanner/build/lib/groundscanner/scanner.py -> /home/rosrunner/projects/hindenburg-ground-scanner/install/groundscanner/lib/python3.10/site-packages/groundscanner
[0.907s] copying /home/rosrunner/projects/hindenburg-ground-scanner/build/groundscanner/build/lib/groundscanner/map/map.py -> /home/rosrunner/projects/hindenburg-ground-scanner/install/groundscanner/lib/python3.10/site-packages/groundscanner/map
[0.908s] byte-compiling /home/rosrunner/projects/hindenburg-ground-scanner/install/groundscanner/lib/python3.10/site-packages/groundscanner/scanner.py to scanner.cpython-310.pyc
[0.909s] byte-compiling /home/rosrunner/projects/hindenburg-ground-scanner/install/groundscanner/lib/python3.10/site-packages/groundscanner/map/map.py to map.cpython-310.pyc
[0.909s] running install_data
[0.910s] running install_egg_info
[0.912s] removing '/home/rosrunner/projects/hindenburg-ground-scanner/install/groundscanner/lib/python3.10/site-packages/groundscanner-0.0.0-py3.10.egg-info' (and everything under it)
[0.913s] Copying ../../build/groundscanner/groundscanner.egg-info to /home/rosrunner/projects/hindenburg-ground-scanner/install/groundscanner/lib/python3.10/site-packages/groundscanner-0.0.0-py3.10.egg-info
[0.914s] running install_scripts
[0.935s] Installing scanner script to /home/rosrunner/projects/hindenburg-ground-scanner/install/groundscanner/lib/groundscanner
[0.936s] writing list of installed files to '/home/rosrunner/projects/hindenburg-ground-scanner/build/groundscanner/install.log'
[0.956s] Invoked command in '/home/rosrunner/projects/hindenburg-ground-scanner/src/groundscanner' returned '0': PYTHONPATH=/home/rosrunner/projects/hindenburg-ground-scanner/build/groundscanner/prefix_override:/usr/lib/python3/dist-packages/colcon_core/task/python/colcon_distutils_commands:/home/rosrunner/projects/hindenburg-ground-scanner/install/groundscanner/lib/python3.10/site-packages:${PYTHONPATH} /usr/bin/python3 -W ignore:setup.py install is deprecated -W ignore:easy_install command is deprecated setup.py egg_info --egg-base ../../build/groundscanner build --build-base /home/rosrunner/projects/hindenburg-ground-scanner/build/groundscanner/build install --record /home/rosrunner/projects/hindenburg-ground-scanner/build/groundscanner/install.log --single-version-externally-managed install_data
