running egg_info
writing ../../build/groundscanner/groundscanner.egg-info/PKG-INFO
writing dependency_links to ../../build/groundscanner/groundscanner.egg-info/dependency_links.txt
writing entry points to ../../build/groundscanner/groundscanner.egg-info/entry_points.txt
writing requirements to ../../build/groundscanner/groundscanner.egg-info/requires.txt
writing top-level names to ../../build/groundscanner/groundscanner.egg-info/top_level.txt
reading manifest file '../../build/groundscanner/groundscanner.egg-info/SOURCES.txt'
writing manifest file '../../build/groundscanner/groundscanner.egg-info/SOURCES.txt'
running build
running build_py
running install
running install_lib
running install_data
copying groundscanner/map.json -> /home/rosrunner/projects/hindenburg-ground-scanner/install/groundscanner/share/groundscanner
running install_egg_info
removing '/home/rosrunner/projects/hindenburg-ground-scanner/install/groundscanner/lib/python3.10/site-packages/groundscanner-0.0.0-py3.10.egg-info' (and everything under it)
Copying ../../build/groundscanner/groundscanner.egg-info to /home/rosrunner/projects/hindenburg-ground-scanner/install/groundscanner/lib/python3.10/site-packages/groundscanner-0.0.0-py3.10.egg-info
running install_scripts
Installing scanner script to /home/rosrunner/projects/hindenburg-ground-scanner/install/groundscanner/lib/groundscanner
writing list of installed files to '/home/rosrunner/projects/hindenburg-ground-scanner/build/groundscanner/install.log'
