[0.692s] Invoking command in '/home/rosrunner/projects/hindenburg-ground-scanner/src/groundscanner': PYTHONPATH=/home/rosrunner/projects/hindenburg-ground-scanner/build/groundscanner/prefix_override:/usr/lib/python3/dist-packages/colcon_core/task/python/colcon_distutils_commands:/home/rosrunner/projects/hindenburg-ground-scanner/install/groundscanner/lib/python3.10/site-packages:${PYTHONPATH} /usr/bin/python3 -W ignore:setup.py install is deprecated -W ignore:easy_install command is deprecated setup.py egg_info --egg-base ../../build/groundscanner build --build-base /home/rosrunner/projects/hindenburg-ground-scanner/build/groundscanner/build install --record /home/rosrunner/projects/hindenburg-ground-scanner/build/groundscanner/install.log --single-version-externally-managed install_data
[0.954s] running egg_info
[0.955s] writing ../../build/groundscanner/groundscanner.egg-info/PKG-INFO
[0.955s] writing dependency_links to ../../build/groundscanner/groundscanner.egg-info/dependency_links.txt
[0.955s] writing entry points to ../../build/groundscanner/groundscanner.egg-info/entry_points.txt
[0.956s] writing requirements to ../../build/groundscanner/groundscanner.egg-info/requires.txt
[0.956s] writing top-level names to ../../build/groundscanner/groundscanner.egg-info/top_level.txt
[0.957s] reading manifest file '../../build/groundscanner/groundscanner.egg-info/SOURCES.txt'
[0.958s] writing manifest file '../../build/groundscanner/groundscanner.egg-info/SOURCES.txt'
[0.959s] running build
[0.959s] running build_py
[0.959s] running install
[0.959s] running install_lib
[0.961s] running install_data
[0.961s] running install_egg_info
[0.963s] removing '/home/rosrunner/projects/hindenburg-ground-scanner/install/groundscanner/lib/python3.10/site-packages/groundscanner-0.0.0-py3.10.egg-info' (and everything under it)
[0.963s] Copying ../../build/groundscanner/groundscanner.egg-info to /home/rosrunner/projects/hindenburg-ground-scanner/install/groundscanner/lib/python3.10/site-packages/groundscanner-0.0.0-py3.10.egg-info
[0.964s] running install_scripts
[0.984s] writing list of installed files to '/home/rosrunner/projects/hindenburg-ground-scanner/build/groundscanner/install.log'
[1.004s] Invoked command in '/home/rosrunner/projects/hindenburg-ground-scanner/src/groundscanner' returned '0': PYTHONPATH=/home/rosrunner/projects/hindenburg-ground-scanner/build/groundscanner/prefix_override:/usr/lib/python3/dist-packages/colcon_core/task/python/colcon_distutils_commands:/home/rosrunner/projects/hindenburg-ground-scanner/install/groundscanner/lib/python3.10/site-packages:${PYTHONPATH} /usr/bin/python3 -W ignore:setup.py install is deprecated -W ignore:easy_install command is deprecated setup.py egg_info --egg-base ../../build/groundscanner build --build-base /home/rosrunner/projects/hindenburg-ground-scanner/build/groundscanner/build install --record /home/rosrunner/projects/hindenburg-ground-scanner/build/groundscanner/install.log --single-version-externally-managed install_data
