/home/rosrunner/projects/hindenburg-ground-scanner/src/install/groundscanner/lib/python3.10/site-packages/groundscanner/__init__.py
/home/rosrunner/projects/hindenburg-ground-scanner/src/install/groundscanner/lib/python3.10/site-packages/groundscanner/scanner.py
/home/rosrunner/projects/hindenburg-ground-scanner/src/install/groundscanner/lib/python3.10/site-packages/groundscanner/map/map.py
/home/rosrunner/projects/hindenburg-ground-scanner/src/install/groundscanner/lib/python3.10/site-packages/groundscanner/map/__init__.py
/home/rosrunner/projects/hindenburg-ground-scanner/src/install/groundscanner/lib/python3.10/site-packages/groundscanner/map/segment.py
/home/rosrunner/projects/hindenburg-ground-scanner/src/install/groundscanner/lib/python3.10/site-packages/groundscanner/__pycache__/__init__.cpython-310.pyc
/home/rosrunner/projects/hindenburg-ground-scanner/src/install/groundscanner/lib/python3.10/site-packages/groundscanner/__pycache__/scanner.cpython-310.pyc
/home/rosrunner/projects/hindenburg-ground-scanner/src/install/groundscanner/lib/python3.10/site-packages/groundscanner/map/__pycache__/map.cpython-310.pyc
/home/rosrunner/projects/hindenburg-ground-scanner/src/install/groundscanner/lib/python3.10/site-packages/groundscanner/map/__pycache__/__init__.cpython-310.pyc
/home/rosrunner/projects/hindenburg-ground-scanner/src/install/groundscanner/lib/python3.10/site-packages/groundscanner/map/__pycache__/segment.cpython-310.pyc
/home/rosrunner/projects/hindenburg-ground-scanner/src/install/groundscanner/share/ament_index/resource_index/packages/groundscanner
/home/rosrunner/projects/hindenburg-ground-scanner/src/install/groundscanner/share/groundscanner/package.xml
/home/rosrunner/projects/hindenburg-ground-scanner/src/install/groundscanner/lib/python3.10/site-packages/groundscanner-0.0.0-py3.10.egg-info/entry_points.txt
/home/rosrunner/projects/hindenburg-ground-scanner/src/install/groundscanner/lib/python3.10/site-packages/groundscanner-0.0.0-py3.10.egg-info/top_level.txt
/home/rosrunner/projects/hindenburg-ground-scanner/src/install/groundscanner/lib/python3.10/site-packages/groundscanner-0.0.0-py3.10.egg-info/SOURCES.txt
/home/rosrunner/projects/hindenburg-ground-scanner/src/install/groundscanner/lib/python3.10/site-packages/groundscanner-0.0.0-py3.10.egg-info/PKG-INFO
/home/rosrunner/projects/hindenburg-ground-scanner/src/install/groundscanner/lib/python3.10/site-packages/groundscanner-0.0.0-py3.10.egg-info/dependency_links.txt
/home/rosrunner/projects/hindenburg-ground-scanner/src/install/groundscanner/lib/python3.10/site-packages/groundscanner-0.0.0-py3.10.egg-info/zip-safe
/home/rosrunner/projects/hindenburg-ground-scanner/src/install/groundscanner/lib/python3.10/site-packages/groundscanner-0.0.0-py3.10.egg-info/requires.txt
/home/rosrunner/projects/hindenburg-ground-scanner/src/install/groundscanner/lib/groundscanner/scanner
